#Build log:

File /home/harlock/workspace/adempiereTrunk/migration/354a-trunk/postgresql/579_enableLiberoValidator.sql status 0
File /home/harlock/workspace/adempiereTrunk/migration/354a-trunk/postgresql/580_BF2861302.sql status 0
File /home/harlock/workspace/adempiereTrunk/migration/354a-trunk/postgresql/580g_FR2794312.sql status 0
File /home/harlock/workspace/adempiereTrunk/migration/354a-trunk/postgresql/581_FR2864078_TypeOfImportBPartner.sql status 0
File /home/harlock/workspace/adempiereTrunk/migration/354a-trunk/postgresql/582_BF2528459_CurrencyRound_PostgreSQL.sql status 0
File /home/harlock/workspace/adempiereTrunk/migration/354a-trunk/postgresql/582_FR2857076.sql status 0
File /home/harlock/workspace/adempiereTrunk/migration/354a-trunk/postgresql/583_BF2462571.sql status 0
File /home/harlock/workspace/adempiereTrunk/migration/354a-trunk/postgresql/584_BF2795492.sql status 0
File /home/harlock/workspace/adempiereTrunk/migration/354a-trunk/postgresql/585_2866193FK.sql status 0
File /home/harlock/workspace/adempiereTrunk/migration/354a-trunk/postgresql/586_BF2869554_TabLevelExpenseInvoice.sql status 0
File /home/harlock/workspace/adempiereTrunk/migration/354a-trunk/postgresql/587_BF2869715_dba_free_space.sql status 0
File /home/harlock/workspace/adempiereTrunk/migration/354a-trunk/postgresql/588_BF2871006QualifyWhereClause.sql status 0
File /home/harlock/workspace/adempiereTrunk/migration/354a-trunk/postgresql/589_BF2871045_AC_Activity_set_mandatory.sql status 0
File /home/harlock/workspace/adempiereTrunk/migration/354a-trunk/postgresql/590_2871042_AC_Broken_Report.sql status 0
File /home/harlock/workspace/adempiereTrunk/migration/354a-trunk/postgresql/591_BF2871621.sql status 0
File /home/harlock/workspace/adempiereTrunk/migration/354a-trunk/postgresql/592_BF2872841_add_BOMRollup_ProductItem.sql status 0
File /home/harlock/workspace/adempiereTrunk/migration/354a-trunk/postgresql/593_BF2866211_PPOrderNodeTrl.sql status 0
File /home/harlock/workspace/adempiereTrunk/migration/354a-trunk/postgresql/594_BF2872841_add_BOMRollup_ProductItem_fix.sql status 0
File /home/harlock/workspace/adempiereTrunk/migration/354a-trunk/postgresql/595_FR2872010DunningImprovements.sql status 0
File /home/harlock/workspace/adempiereTrunk/migration/354a-trunk/postgresql/596_BF2877525_FixForecast.sql status 0
File /home/harlock/workspace/adempiereTrunk/migration/354a-trunk/postgresql/597_classnameOfTranslationImportExportForm.sql status 0
File /home/harlock/workspace/adempiereTrunk/migration/354a-trunk/postgresql/598_BF2881190DOFixIssue.sql status 0
File /home/harlock/workspace/adempiereTrunk/migration/354a-trunk/postgresql/599_BF2882063_PrintOneLineOnlyDisplay.sql status 0
File /home/harlock/workspace/adempiereTrunk/migration/354a-trunk/postgresql/600_BF2881573_Problem_with_Default_value.sql status 0
File /home/harlock/workspace/adempiereTrunk/migration/354a-trunk/postgresql/601_BF1901326_NewEuroMemberCountries.sql status 0
File /home/harlock/workspace/adempiereTrunk/migration/354a-trunk/postgresql/602_FR2893636_Add_EventType.sql status 0
File /home/harlock/workspace/adempiereTrunk/migration/354a-trunk/postgresql/603_BF2889886_Net_days_in_payment_term.sql status 0
File /home/harlock/workspace/adempiereTrunk/migration/354a-trunk/postgresql/604_BF2902984_GridPerformance.sql status 0
File /home/harlock/workspace/adempiereTrunk/migration/354a-trunk/postgresql/605_FR2712329BroadcastReplication.sql status 0
File /home/harlock/workspace/adempiereTrunk/migration/354a-trunk/postgresql/606_BF2904257_WrongRMALineValidationSQL.sql status 0
File /home/harlock/workspace/adempiereTrunk/migration/354a-trunk/postgresql/607_FR2609057_CoProduct_CostAllocationPerc.sql status 0
File /home/harlock/workspace/adempiereTrunk/migration/354a-trunk/postgresql/608_FR2880682_WindowsMoved.sql status 0
File /home/harlock/workspace/adempiereTrunk/migration/354a-trunk/postgresql/609_FR2904188_DictionaryTypos.sql status 0
File /home/harlock/workspace/adempiereTrunk/migration/354a-trunk/postgresql/610_BF_BOM_back_compatibility.sql status 0
File /home/harlock/workspace/adempiereTrunk/migration/354a-trunk/postgresql/611_FR2902882_DunningStabilization.sql status 0
File /home/harlock/workspace/adempiereTrunk/migration/354a-trunk/postgresql/612_FR2905227_EventTypeForMeasurePA.sql status 0
File /home/harlock/workspace/adempiereTrunk/migration/354a-trunk/postgresql/613_BF1698281_DiscontinuedBy.sql status 0
File /home/harlock/workspace/adempiereTrunk/migration/354a-trunk/postgresql/614_2836655-ResourceAssignment_postgresql.sql status 0
File /home/harlock/workspace/adempiereTrunk/migration/354a-trunk/postgresql/615_BF2871039.sql status 0
File /home/harlock/workspace/adempiereTrunk/migration/354a-trunk/postgresql/616_FR2906605.sql status 0
File /home/harlock/workspace/adempiereTrunk/migration/354a-trunk/postgresql/617.1_RV_Storage_Per_Product-view.sql status 0
File /home/harlock/workspace/adempiereTrunk/migration/354a-trunk/postgresql/617.2_RV_Storage_Per_Product.sql status 0
File /home/harlock/workspace/adempiereTrunk/migration/354a-trunk/postgresql/618_FR_2907017_MoveASI-window.sql status 0
File /home/harlock/workspace/adempiereTrunk/migration/354a-trunk/postgresql/619_RV_Storage_Per_Product.sql status 0
File /home/harlock/workspace/adempiereTrunk/migration/354a-trunk/postgresql/620_FR_2907059_add-system-confugurator-to-Favorites.sql status 0
File /home/harlock/workspace/adempiereTrunk/migration/354a-trunk/postgresql/621_FR2909559_Imp-CurrentCostPrice.sql status 0
File /home/harlock/workspace/adempiereTrunk/migration/354a-trunk/postgresql/622_BF2910176TestExportModel.sql status 0
File /home/harlock/workspace/adempiereTrunk/migration/354a-trunk/postgresql/623_BF2904257_WrongRMALineValidationSQL.sql status 0
File /home/harlock/workspace/adempiereTrunk/migration/354a-trunk/postgresql/624_BF2904737.sql status 0
File /home/harlock/workspace/adempiereTrunk/migration/354a-trunk/postgresql/625_BF2904737_Fix_BOMTabLevel.sql status 0
File /home/harlock/workspace/adempiereTrunk/migration/354a-trunk/postgresql/626_BF2904198.sql status 0
File /home/harlock/workspace/adempiereTrunk/migration/354a-trunk/postgresql/627_BF2910278_Postgresql_Defer_Constraints.sql status 0
File /home/harlock/workspace/adempiereTrunk/migration/354a-trunk/postgresql/628_BF2910289_MissingMessages.sql status 0
File /home/harlock/workspace/adempiereTrunk/migration/354a-trunk/postgresql/629_BF2904737.sql status 0
File /home/harlock/workspace/adempiereTrunk/migration/354a-trunk/postgresql/630_FR2912011_Import-PriceLists.sql status 0
File /home/harlock/workspace/adempiereTrunk/migration/354a-trunk/postgresql/631_FR2906574_Product-costs-embedded.sql status 0
File /home/harlock/workspace/adempiereTrunk/migration/354a-trunk/postgresql/632_FR2793242.sql status 0
File /home/harlock/workspace/adempiereTrunk/migration/354a-trunk/postgresql/633_BF2897748_RoleDefaults.sql status 0
File /home/harlock/workspace/adempiereTrunk/migration/354a-trunk/postgresql/634_BF2904134.sql status 0
File /home/harlock/workspace/adempiereTrunk/migration/354a-trunk/postgresql/635_FR2830830_UsedinReportParameter.sql status 0
File /home/harlock/workspace/adempiereTrunk/migration/354a-trunk/postgresql/636_FR2830830_UsedIn.sql status 0
File /home/harlock/workspace/adempiereTrunk/migration/354a-trunk/postgresql/637_BF2913058_FixPerpetualInventoryScreen.sql status 0
File /home/harlock/workspace/adempiereTrunk/migration/354a-trunk/postgresql/638_BF2913291_Fixed-Assets-Application-Dictionary.sql status 0
File /home/harlock/workspace/adempiereTrunk/migration/354a-trunk/postgresql/639_FR2913307-OrderSource.sql status 0
File /home/harlock/workspace/adempiereTrunk/migration/354a-trunk/postgresql/640_FR2913358_ManufacturerRole.sql status 0
File /home/harlock/workspace/adempiereTrunk/migration/354a-trunk/postgresql/641_FRFR2906574_Product-costs-deflate.sql status 0
File /home/harlock/workspace/adempiereTrunk/migration/354a-trunk/postgresql/642_FR2913307-OrderSource.sql status 0
File /home/harlock/workspace/adempiereTrunk/migration/354a-trunk/postgresql/643_FR2913358_ManufacturerRole.sql status 0
File /home/harlock/workspace/adempiereTrunk/migration/354a-trunk/postgresql/644_BF2897751.sql status 0
File /home/harlock/workspace/adempiereTrunk/migration/354a-trunk/postgresql/645_BF2873784_BadDefaults.sql status 0
File /home/harlock/workspace/adempiereTrunk/migration/354a-trunk/postgresql/646_FR2893090_SysconfigRememberMe.sql status 0
File /home/harlock/workspace/adempiereTrunk/migration/354a-trunk/postgresql/647_BF2914836.sql status 0
File /home/harlock/workspace/adempiereTrunk/migration/354a-trunk/postgresql/648_BF2904323.sql status 0
File /home/harlock/workspace/adempiereTrunk/migration/354a-trunk/postgresql/649_BF2904311.sql status 0
File /home/harlock/workspace/adempiereTrunk/migration/354a-trunk/postgresql/650_FR2915244.sql status 0
File /home/harlock/workspace/adempiereTrunk/migration/354a-trunk/postgresql/651_FR2915451_SysConfig_REAL_TIME_POS.sql status 0
File /home/harlock/workspace/adempiereTrunk/migration/354a-trunk/postgresql/652_FR2913307.sql status 0
File /home/harlock/workspace/adempiereTrunk/migration/354a-trunk/postgresql/653_FR2913358.sql status 0
File /home/harlock/workspace/adempiereTrunk/migration/354a-trunk/postgresql/654_FR2925700_NewPeriodsGW.sql status 0
File /home/harlock/workspace/adempiereTrunk/migration/354a-trunk/postgresql/655_BF2923042.sql status 0
File /home/harlock/workspace/adempiereTrunk/migration/354a-trunk/postgresql/656_FR2928004_ShowQtyDeliver.sql status 0
File /home/harlock/workspace/adempiereTrunk/migration/354a-trunk/postgresql/657_FR_SafetyStock.sql status 0
File /home/harlock/workspace/adempiereTrunk/migration/354a-trunk/postgresql/658_FR2598506.sql status 0
File /home/harlock/workspace/adempiereTrunk/migration/354a-trunk/postgresql/659_FR2871676_ReportAmountType.sql status 0
File /home/harlock/workspace/adempiereTrunk/migration/354a-trunk/postgresql/660_BF_2944056_FixSubstituteRelatedInfoProduct.sql status 0
File /home/harlock/workspace/adempiereTrunk/migration/354a-trunk/postgresql/661_FR_2945715_AdvancedSearchMsg.sql status 0
File /home/harlock/workspace/adempiereTrunk/migration/354a-trunk/postgresql/662_BT_2944388.sql status 0
File /home/harlock/workspace/adempiereTrunk/migration/354a-trunk/postgresql/663_FR2949534_ResetAllocation.sql status 0
File /home/harlock/workspace/adempiereTrunk/migration/354a-trunk/postgresql/664_FR2934358_FixedTyposOnElements.sql status 0
File /home/harlock/workspace/adempiereTrunk/migration/354a-trunk/postgresql/665_FR2952245_ImportDataPlanning.sql status 0
File /home/harlock/workspace/adempiereTrunk/migration/354a-trunk/postgresql/666_BF2952456_PP_Identifiers.sql status 0
File /home/harlock/workspace/adempiereTrunk/migration/354a-trunk/postgresql/667_FR2956390_SchedulerEnhancement.sql status 0
File /home/harlock/workspace/adempiereTrunk/migration/354a-trunk/postgresql/668_FR2957782_PaySelection_DueDate_Para.sql status 0
File /home/harlock/workspace/adempiereTrunk/migration/354a-trunk/postgresql/669_BF2904257.sql status 0
File /home/harlock/workspace/adempiereTrunk/migration/354a-trunk/postgresql/670_FR2962094_AddProcesssedOnColumn.sql status 0
File /home/harlock/workspace/adempiereTrunk/migration/354a-trunk/postgresql/671_FR2962094_FillProcesssedOn.sql status 0
File /home/harlock/workspace/adempiereTrunk/migration/354a-trunk/postgresql/672_BF2948897.sql status 0
File /home/harlock/workspace/adempiereTrunk/migration/354a-trunk/postgresql/673_BF2948897.sql status 0
File /home/harlock/workspace/adempiereTrunk/migration/354a-trunk/postgresql/674_FR2965494.sql status 0
File /home/harlock/workspace/adempiereTrunk/migration/354a-trunk/postgresql/675_FR2962094_AddAverageCostVarianceDefaultAcct.sql status 0
File /home/harlock/workspace/adempiereTrunk/migration/354a-trunk/postgresql/676_FR2962094_SetAverageCostVarianceGW.sql status 0
File /home/harlock/workspace/adempiereTrunk/migration/354a-trunk/postgresql/677_BT_2092712_Unalloc_payment_report.sql status 0
File /home/harlock/workspace/adempiereTrunk/migration/354a-trunk/postgresql/678_BF_1774758.sql status 0
File /home/harlock/workspace/adempiereTrunk/migration/354a-trunk/postgresql/679_BF2042466FixProductURL.sql status 0
File /home/harlock/workspace/adempiereTrunk/migration/354a-trunk/postgresql/680_BF2970013.sql status 0
File /home/harlock/workspace/adempiereTrunk/migration/354a-trunk/postgresql/681_BF2968442.sql status 0
File /home/harlock/workspace/adempiereTrunk/migration/354a-trunk/postgresql/682_FR2970674_ImportOrder-DeliveryRule.sql status 0
File /home/harlock/workspace/adempiereTrunk/migration/354a-trunk/postgresql/683_BF2079794.sql status 0
File /home/harlock/workspace/adempiereTrunk/migration/354a-trunk/postgresql/684_BF2493555.sql status 0
File /home/harlock/workspace/adempiereTrunk/migration/354a-trunk/postgresql/685_BF1699764.sql status 0
File /home/harlock/workspace/adempiereTrunk/migration/354a-trunk/postgresql/686_FR2973129_GermanRegions.sql status 0
File /home/harlock/workspace/adempiereTrunk/migration/354a-trunk/postgresql/687_FR2897194_Adv_Zoom.sql status 0
